Godot Engine v4.6.1.stable.official.14d19694e - https://godotengine.org

SCRIPT ERROR: Compile Error: Identifier not found: EventBus
   at: GDScript::reload (res://autoloads/GameState.gd:196)
   GDScript backtrace (most recent call first):
       [0] _init (res://tools/validate_collar_system.gd:27)
ERROR: Failed to load script "res://autoloads/GameState.gd" with error "Compilation failed".
   at: load (modules/gdscript/gdscript.cpp:2907)
   GDScript backtrace (most recent call first):
       [0] _init (res://tools/validate_collar_system.gd:27)
SCRIPT ERROR: Invalid call. Nonexistent function 'new' in base 'GDScript'.
   at: _init (res://tools/validate_collar_system.gd:28)
   GDScript backtrace (most recent call first):
       [0] _init (res://tools/validate_collar_system.gd:28)
ERROR: BUG: Unreferenced static string to 0: servers
   at: unref (core/string/string_name.cpp:116)
ERROR: BUG: Unreferenced static string to 0: Variant
   at: unref (core/string/string_name.cpp:116)
ERROR: BUG: Unreferenced static string to 0: @warning_ignore_restore
   at: unref (core/string/string_name.cpp:116)
ERROR: BUG: Unreferenced static string to 0: @warning_ignore_start
   at: unref (core/string/string_name.cpp:116)
ERROR: BUG: Unreferenced static string to 0: @warning_ignore
   at: unref (core/string/string_name.cpp:116)
ERROR: BUG: Unreferenced static string to 0: @icon
   at: unref (core/string/string_name.cpp:116)
WARNING: A Thread object is being destroyed without its completion having been realized.
Please call wait_to_finish() on it to ensure correct cleanup.
   at: ~Thread (core/os/thread.cpp:102)
ERROR: 7 RID allocations of type '23NavMeshGeometryParser2D' were leaked at exit.
ERROR: 6 RID allocations of type '23NavMeshGeometryParser3D' were leaked at exit.
ERROR: Pages in use exist at exit in PagedAllocator: N7Variant5Pools11BucketLargeE
   at: ~PagedAllocator (./core/templates/paged_allocator.h:169)
